Arguments: 
  C:\Program Files\nodejs\node.exe C:\Users\htysi\AppData\Roaming\npm\node_modules\yarn\bin\yarn.js start

PATH: 
  C:\WINDOWS\system32;C:\WINDOWS;C:\WINDOWS\System32\Wbem;C:\WINDOWS\System32\WindowsPowerShell\v1.0\;C:\WINDOWS\System32\OpenSSH\;C:\Program Files\PowerShell\7\;C:\Program Files\dotnet\;C:\Program Files\Git\cmd;C:\Program Files\nodejs\;;C:\Program Files\Docker\Docker\resources\bin;C:\ProgramData\DockerDesktop\version-bin;D:\Python39\Scripts\;D:\Python39\;C:\Users\htysi\.poetry\bin;D:\Python38\Scripts\;D:\Python38\;C:\Users\htysi\AppData\Local\Microsoft\WindowsApps;C:\Users\htysi\AppData\Local\Programs\Microsoft VS Code\bin;C:\Users\htysi\AppData\Roaming\npm;C:\Users\htysi\AppData\Local\Yarn\bin;C:\Program Files\heroku\bin

Yarn version: 
  1.22.10

Node version: 
  14.15.1

Platform: 
  win32 x64

Trace: 
  SyntaxError: D:\workspace\random-recipe\package.json: Unexpected string in JSON at position 395
      at JSON.parse (<anonymous>)
      at C:\Users\htysi\AppData\Roaming\npm\node_modules\yarn\lib\cli.js:1625:59
      at Generator.next (<anonymous>)
      at step (C:\Users\htysi\AppData\Roaming\npm\node_modules\yarn\lib\cli.js:310:30)
      at C:\Users\htysi\AppData\Roaming\npm\node_modules\yarn\lib\cli.js:321:13

npm manifest: 
  {
    "name": "random-dish",
    "version": "1.0.0",
    "description": "Choice restaulant at radnom.",
    "main": "index.js",
    "repository": "https://github.com/shin-hama/random-dish.git",
    "author": "shin-hama <htysivista@gmail.com>",
    "license": "MIT",
    "engines": {
      "yarn": "1.x"
    },
    "scripts": {
      "start": "yarn start-frontend",
      "start-frontend": "cd frontend && yarn start"
      "install": "yarn setup-frontend && yarn setup-backend",
      "setup-frontend": "cd frontend && yarn install",
      "setup-backend": "cd backend && poetry install"
    }
  }

yarn manifest: 
  No manifest

Lockfile: 
  No lockfile
